2025-07-15  9:54:26 0 [Note] Starting MariaDB 10.4.32-MariaDB source revision c4143f909528e3fab0677a28631d10389354c491 as process 13152
2025-07-15  9:54:26 0 [Note] InnoDB: Mutexes and rw_locks use Windows interlocked functions
2025-07-15  9:54:26 0 [Note] InnoDB: Uses event mutexes
2025-07-15  9:54:26 0 [Note] InnoDB: Compressed tables use zlib 1.3
2025-07-15  9:54:26 0 [Note] InnoDB: Number of pools: 1
2025-07-15  9:54:26 0 [Note] InnoDB: Using SSE2 crc32 instructions
2025-07-15  9:54:26 0 [Note] InnoDB: Initializing buffer pool, total size = 16M, instances = 1, chunk size = 16M
2025-07-15  9:54:26 0 [Note] InnoDB: Completed initialization of buffer pool
2025-07-15  9:54:26 0 [Note] InnoDB: Starting crash recovery from checkpoint LSN=300288
2025-07-15  9:54:27 0 [Note] InnoDB: 128 out of 128 rollback segments are active.
2025-07-15  9:54:27 0 [Note] InnoDB: Removed temporary tablespace data file: "ibtmp1"
2025-07-15  9:54:27 0 [Note] InnoDB: Creating shared tablespace for temporary tables
2025-07-15  9:54:27 0 [Note] InnoDB: Setting file 'C:\xampp\mysql\data\ibtmp1' size to 12 MB. Physically writing the file full; Please wait ...
2025-07-15  9:54:27 0 [Note] InnoDB: File 'C:\xampp\mysql\data\ibtmp1' size is now 12 MB.
2025-07-15  9:54:27 0 [Note] InnoDB: Waiting for purge to start
2025-07-15  9:54:27 0 [Note] InnoDB: 10.4.32 started; log sequence number 300297; transaction id 170
2025-07-15  9:54:27 0 [Note] Plugin 'FEEDBACK' is disabled.
2025-07-15  9:54:27 0 [Note] InnoDB: Loading buffer pool(s) from C:\xampp\mysql\data\ib_buffer_pool
2025-07-15  9:54:27 0 [Note] InnoDB: Buffer pool(s) load completed at 250715  9:54:27
2025-07-15  9:54:27 0 [Note] Server socket created on IP: '::'.
2025-07-15 10:41:53 0 [Note] Starting MariaDB 10.4.32-MariaDB source revision c4143f909528e3fab0677a28631d10389354c491 as process 10900
2025-07-15 10:41:53 0 [Note] InnoDB: Mutexes and rw_locks use Windows interlocked functions
2025-07-15 10:41:53 0 [Note] InnoDB: Uses event mutexes
2025-07-15 10:41:53 0 [Note] InnoDB: Compressed tables use zlib 1.3
2025-07-15 10:41:53 0 [Note] InnoDB: Number of pools: 1
2025-07-15 10:41:53 0 [Note] InnoDB: Using SSE2 crc32 instructions
2025-07-15 10:41:53 0 [Note] InnoDB: Initializing buffer pool, total size = 16M, instances = 1, chunk size = 16M
2025-07-15 10:41:53 0 [Note] InnoDB: Completed initialization of buffer pool
2025-07-15 10:41:53 0 [Note] InnoDB: Starting crash recovery from checkpoint LSN=300946
2025-07-15 10:41:53 0 [Note] InnoDB: 128 out of 128 rollback segments are active.
2025-07-15 10:41:53 0 [Note] InnoDB: Removed temporary tablespace data file: "ibtmp1"
2025-07-15 10:41:53 0 [Note] InnoDB: Creating shared tablespace for temporary tables
2025-07-15 10:41:53 0 [Note] InnoDB: Setting file 'C:\xampp\mysql\data\ibtmp1' size to 12 MB. Physically writing the file full; Please wait ...
2025-07-15 10:41:53 0 [Note] InnoDB: File 'C:\xampp\mysql\data\ibtmp1' size is now 12 MB.
2025-07-15 10:41:53 0 [Note] InnoDB: Waiting for purge to start
2025-07-15 10:41:53 0 [Note] InnoDB: 10.4.32 started; log sequence number 300955; transaction id 195
2025-07-15 10:41:53 0 [Note] InnoDB: Loading buffer pool(s) from C:\xampp\mysql\data\ib_buffer_pool
2025-07-15 10:41:53 0 [Note] Plugin 'FEEDBACK' is disabled.
2025-07-15 10:41:53 0 [Note] InnoDB: Buffer pool(s) load completed at 250715 10:41:53
2025-07-15 10:41:53 0 [Note] Server socket created on IP: '::'.
2025-07-22 10:56:07 0 [Note] Starting MariaDB 10.4.32-MariaDB source revision c4143f909528e3fab0677a28631d10389354c491 as process 15112
2025-07-22 10:56:07 0 [Note] InnoDB: Mutexes and rw_locks use Windows interlocked functions
2025-07-22 10:56:07 0 [Note] InnoDB: Uses event mutexes
2025-07-22 10:56:07 0 [Note] InnoDB: Compressed tables use zlib 1.3
2025-07-22 10:56:07 0 [Note] InnoDB: Number of pools: 1
2025-07-22 10:56:07 0 [Note] InnoDB: Using SSE2 crc32 instructions
2025-07-22 10:56:07 0 [Note] InnoDB: Initializing buffer pool, total size = 16M, instances = 1, chunk size = 16M
2025-07-22 10:56:07 0 [Note] InnoDB: Completed initialization of buffer pool
2025-07-22 10:56:07 0 [Note] InnoDB: Starting crash recovery from checkpoint LSN=301297
2025-07-22 10:56:08 0 [Note] InnoDB: 128 out of 128 rollback segments are active.
2025-07-22 10:56:08 0 [Note] InnoDB: Removed temporary tablespace data file: "ibtmp1"
2025-07-22 10:56:08 0 [Note] InnoDB: Creating shared tablespace for temporary tables
2025-07-22 10:56:08 0 [Note] InnoDB: Setting file 'C:\xampp\mysql\data\ibtmp1' size to 12 MB. Physically writing the file full; Please wait ...
2025-07-22 10:56:08 0 [Note] InnoDB: File 'C:\xampp\mysql\data\ibtmp1' size is now 12 MB.
2025-07-22 10:56:08 0 [Note] InnoDB: Waiting for purge to start
2025-07-22 10:56:08 0 [Note] InnoDB: 10.4.32 started; log sequence number 301306; transaction id 218
2025-07-22 10:56:08 0 [Note] Plugin 'FEEDBACK' is disabled.
2025-07-22 10:56:08 0 [Note] InnoDB: Loading buffer pool(s) from C:\xampp\mysql\data\ib_buffer_pool
2025-07-22 10:56:08 0 [Note] InnoDB: Buffer pool(s) load completed at 250722 10:56:08
2025-07-22 10:56:08 0 [Note] Server socket created on IP: '::'.
2025-07-22 11:01:05 0 [Note] Starting MariaDB 10.4.32-MariaDB source revision c4143f909528e3fab0677a28631d10389354c491 as process 10776
2025-07-22 11:01:05 0 [Note] InnoDB: Mutexes and rw_locks use Windows interlocked functions
2025-07-22 11:01:05 0 [Note] InnoDB: Uses event mutexes
2025-07-22 11:01:05 0 [Note] InnoDB: Compressed tables use zlib 1.3
2025-07-22 11:01:05 0 [Note] InnoDB: Number of pools: 1
2025-07-22 11:01:05 0 [Note] InnoDB: Using SSE2 crc32 instructions
2025-07-22 11:01:05 0 [Note] InnoDB: Initializing buffer pool, total size = 16M, instances = 1, chunk size = 16M
2025-07-22 11:01:05 0 [Note] InnoDB: Completed initialization of buffer pool
2025-07-22 11:01:05 0 [Note] InnoDB: Starting crash recovery from checkpoint LSN=301315
2025-07-22 11:01:06 0 [Note] InnoDB: 128 out of 128 rollback segments are active.
2025-07-22 11:01:06 0 [Note] InnoDB: Removed temporary tablespace data file: "ibtmp1"
2025-07-22 11:01:06 0 [Note] InnoDB: Creating shared tablespace for temporary tables
2025-07-22 11:01:06 0 [Note] InnoDB: Setting file 'C:\xampp\mysql\data\ibtmp1' size to 12 MB. Physically writing the file full; Please wait ...
2025-07-22 11:01:06 0 [Note] InnoDB: File 'C:\xampp\mysql\data\ibtmp1' size is now 12 MB.
2025-07-22 11:01:06 0 [Note] InnoDB: Waiting for purge to start
2025-07-22 11:01:06 0 [Note] InnoDB: 10.4.32 started; log sequence number 301324; transaction id 218
2025-07-22 11:01:06 0 [Note] InnoDB: Loading buffer pool(s) from C:\xampp\mysql\data\ib_buffer_pool
2025-07-22 11:01:06 0 [Note] Plugin 'FEEDBACK' is disabled.
2025-07-22 11:01:06 0 [Note] Server socket created on IP: '::'.
2025-07-22 11:01:06 0 [Note] InnoDB: Buffe2025-07-22 12:29:27 0 [Note] Starting MariaDB 10.4.32-MariaDB source revision c4143f909528e3fab0677a28631d10389354c491 as process 1272
2025-07-22 12:29:27 0 [Note] InnoDB: Mutexes and rw_locks use Windows interlocked functions
2025-07-22 12:29:27 0 [Note] InnoDB: Uses event mutexes
2025-07-22 12:29:27 0 [Note] InnoDB: Compressed tables use zlib 1.3
2025-07-22 12:29:27 0 [Note] InnoDB: Number of pools: 1
2025-07-22 12:29:27 0 [Note] InnoDB: Using SSE2 crc32 instructions
2025-07-22 12:29:27 0 [Note] InnoDB: Initializing buffer pool, total size = 16M, instances = 1, chunk size = 16M
2025-07-22 12:29:27 0 [Note] InnoDB: Completed initialization of buffer pool
2025-07-22 12:29:27 0 [Note] InnoDB: Starting crash recovery from checkpoint LSN=301333
2025-07-22 12:29:28 0 [Note] InnoDB: 128 out of 128 rollback segments are active.
2025-07-22 12:29:28 0 [Note] InnoDB: Removed temporary tablespace data file: "ibtmp1"
2025-07-22 12:29:28 0 [Note] InnoDB: Creating shared tablespace for temporary tables
2025-07-22 12:29:28 0 [Note] InnoDB: Setting file 'C:\xampp\mysql\data\ibtmp1' size to 12 MB. Physically writing the file full; Please wait ...
2025-07-22 12:29:28 0 [Note] InnoDB: File 'C:\xampp\mysql\data\ibtmp1' size is now 12 MB.
2025-07-22 12:29:28 0 [Note] InnoDB: Waiting for purge to start
2025-07-22 12:29:28 0 [Note] InnoDB: 10.4.32 started; log sequence number 301342; transaction id 218
2025-07-22 12:29:28 0 [Note] InnoDB: Loading buffer pool(s) from C:\xampp\mysql\data\ib_buffer_pool
2025-07-22 12:29:28 0 [Note] Plugin 'FEEDBACK' is disabled.
2025-07-22 12:29:28 0 [Note] InnoDB: Buffer pool(s) load completed at 250722 12:29:28
2025-07-22 12:29:28 0 [Note] Server socket created on IP: '::'.
2025-07-24 23:26:31 0 [Note] Starting MariaDB 10.4.32-MariaDB source revision c4143f909528e3fab0677a28631d10389354c491 as process 5800
2025-07-24 23:26:31 0 [Note] InnoDB: Mutexes and rw_locks use Windows interlocked functions
2025-07-24 23:26:31 0 [Note] InnoDB: Uses event mutexes
2025-07-24 23:26:31 0 [Note] InnoDB: Compressed tables use zlib 1.3
2025-07-24 23:26:31 0 [Note] InnoDB: Number of pools: 1
2025-07-24 23:26:31 0 [Note] InnoDB: Using SSE2 crc32 instructions
2025-07-24 23:26:31 0 [Note] InnoDB: Initializing buffer pool, total size = 16M, instances = 1, chunk size = 16M
2025-07-24 23:26:31 0 [Note] InnoDB: Completed initialization of buffer pool
2025-07-24 23:26:31 0 [Note] InnoDB: Starting crash recovery from checkpoint LSN=312870
2025-07-24 23:26:32 0 [Note] InnoDB: 128 out of 128 rollback segments are active.
2025-07-24 23:26:32 0 [Note] InnoDB: Removed temporary tablespace data file: "ibtmp1"
2025-07-24 23:26:32 0 [Note] InnoDB: Creating shared tablespace for temporary tables
2025-07-24 23:26:32 0 [Note] InnoDB: Setting file 'C:\xampp\mysql\data\ibtmp1' size to 12 MB. Physically writing the file full; Please wait ...
2025-07-24 23:26:32 0 [Note] InnoDB: File 'C:\xampp\mysql\data\ibtmp1' size is now 12 MB.
2025-07-24 23:26:32 0 [Note] InnoDB: Waiting for purge to start
2025-07-24 23:26:32 0 [Note] InnoDB: 10.4.32 started; log sequence number 312879; transaction id 272
2025-07-24 23:26:32 0 [Note] InnoDB: Loading buffer pool(s) from C:\xampp\mysql\data\ib_buffer_pool
2025-07-24 23:26:32 0 [Note] Plugin 'FEEDBACK' is disabled.
2025-07-24 23:26:32 0 [Note] InnoDB: Buffer pool(s) load completed at 250724 23:26:32
2025-07-24 23:26:32 0 [Note] Server socket created on IP: '::'.
2025-07-25  0:39:31 0 [Note] Starting MariaDB 10.4.32-MariaDB source revision c4143f909528e3fab0677a28631d10389354c491 as process 1752
2025-07-25  0:39:31 0 [Note] InnoDB: The first innodb_system data file 'ibdata1' did not exist. A new tablespace will be created!
2025-07-25  0:39:31 0 [Note] InnoDB: Mutexes and rw_locks use Windows interlocked functions
2025-07-25  0:39:31 0 [Note] InnoDB: Uses event mutexes
2025-07-25  0:39:31 0 [Note] InnoDB: Compressed tables use zlib 1.3
2025-07-25  0:39:31 0 [Note] InnoDB: Number of pools: 1
2025-07-25  0:39:31 0 [Note] InnoDB: Using SSE2 crc32 instructions
2025-07-25  0:39:31 0 [Note] InnoDB: Initializing buffer pool, total size = 16M, instances = 1, chunk size = 16M
2025-07-25  0:39:31 0 [Note] InnoDB: Completed initialization of buffer pool
2025-07-25  0:39:31 0 [Note] InnoDB: Setting file 'C:\xampp\mysql\data\ibdata1' size to 10 MB. Physically writing the file full; Please wait ...
2025-07-25  0:39:31 0 [Note] InnoDB: File 'C:\xampp\mysql\data\ibdata1' size is now 10 MB.
2025-07-25  0:39:31 0 [Note] InnoDB: Setting log file C:\xampp\mysql\data\ib_logfile101 size to 5242880 bytes
2025-07-25  0:39:31 0 [Note] InnoDB: Setting log file C:\xampp\mysql\data\ib_logfile1 size to 5242880 bytes
2025-07-25  0:39:31 0 [Note] InnoDB: Renaming log file C:\xampp\mysql\data\ib_logfile101 to C:\xampp\mysql\data\ib_logfile0
2025-07-25  0:39:32 0 [Note] InnoDB: New log files created, LSN=11451
2025-07-25  0:39:32 0 [Note] InnoDB: Doublewrite buffer not found: creating new
2025-07-25  0:39:32 0 [Note] InnoDB: Doublewrite buffer created
2025-07-25  0:39:32 0 [Note] InnoDB: 128 out of 128 rollback segments are active.
2025-07-25  0:39:32 0 [Note] InnoDB: Creating foreign key constraint system tables.
2025-07-25  0:39:32 0 [Note] InnoDB: Creating tablespace and datafile system tables.
2025-07-25  0:39:32 0 [Note] InnoDB: Creating sys_virtual system tables.
2025-07-25  0:39:32 0 [Note] InnoDB: Creating shared tablespace for temporary tables
2025-07-25  0:39:32 0 [Note] InnoDB: Setting file 'C:\xampp\mysql\data\ibtmp1' size to 12 MB. Physically writing the file full; Please wait ...
2025-07-25  0:39:32 0 [Note] InnoDB: File 'C:\xampp\mysql\data\ibtmp1' size is now 12 MB.
2025-07-25  0:39:32 0 [Note] InnoDB: Waiting for purge to start
2025-07-25  0:39:32 0 [Note] InnoDB: 10.4.32 started; log sequence number 0; transaction id 7
2025-07-25  0:39:32 0 [Note] Plugin 'FEEDBACK' is disabled.
2025-07-25  0:39:32 0 [ERROR] Could not open mysql.plugin table. Some plugins may be not loaded
2025-07-25  0:39:32 0 [ERROR] Can't open and lock privilege tables: Table 'mysql.servers' doesn't exist
2025-07-25  0:39:32 0 [Note] Server socket created on IP: '::'.
